<?xml version="1.0" encoding="utf-8"?><testsuites name="pytest tests"><testsuite name="pytest" errors="0" failures="0" skipped="0" tests="15" time="6.883" timestamp="2026-04-18T09:08:22.054039+00:00" hostname="agent-env-98d88dc8-fb4a-448f-9dc7-02b0e87ab2dd"><testcase classname="backend.tests.test_cashly_ui_api.TestAuth" name="test_login_success" time="0.412" /><testcase classname="backend.tests.test_cashly_ui_api.TestAuth" name="test_login_invalid_credentials" time="0.327" /><testcase classname="backend.tests.test_cashly_ui_api.TestAuth" name="test_me_endpoint" time="0.486" /><testcase classname="backend.tests.test_cashly_ui_api.TestIndividualDashboard" name="test_dashboard_loads" time="0.497" /><testcase classname="backend.tests.test_cashly_ui_api.TestIndividualDashboard" name="test_transactions_crud" time="0.903" /><testcase classname="backend.tests.test_cashly_ui_api.TestGoals" name="test_goals_crud" time="0.748" /><testcase classname="backend.tests.test_cashly_ui_api.TestForecastAndAlerts" name="test_forecast_individual" time="0.439" /><testcase classname="backend.tests.test_cashly_ui_api.TestForecastAndAlerts" name="test_alerts_individual" time="0.429" /><testcase classname="backend.tests.test_cashly_ui_api.TestExport" name="test_export_csv" time="0.499" /><testcase classname="backend.tests.test_cashly_ui_api.TestExport" name="test_export_pdf" time="0.708" /><testcase classname="backend.tests.test_cashly_ui_api.TestSMSParser" name="test_parse_debit_sms" time="0.101" /><testcase classname="backend.tests.test_cashly_ui_api.TestSMSParser" name="test_parse_credit_sms" time="0.113" /><testcase classname="backend.tests.test_cashly_ui_api.TestPricing" name="test_pricing_tiers" time="0.101" /><testcase classname="backend.tests.test_cashly_ui_api.TestAIChat" name="test_chat_empty_message" time="0.419" /><testcase classname="backend.tests.test_cashly_ui_api.TestAIChat" name="test_chat_history" time="0.430" /></testsuite></testsuites>