<?xml version="1.0" encoding="utf-8"?><testsuites name="pytest tests"><testsuite name="pytest" errors="0" failures="0" skipped="0" tests="39" time="48.847" timestamp="2026-04-18T06:54:19.137950+00:00" hostname="agent-env-98d88dc8-fb4a-448f-9dc7-02b0e87ab2dd"><testcase classname="backend.tests.test_capitalcare_api.TestAuth" name="test_login_success" time="0.511" /><testcase classname="backend.tests.test_capitalcare_api.TestAuth" name="test_login_invalid_credentials" time="0.100" /><testcase classname="backend.tests.test_capitalcare_api.TestAuth" name="test_register_new_user" time="0.366" /><testcase classname="backend.tests.test_capitalcare_api.TestAuth" name="test_me_endpoint_with_auth" time="0.374" /><testcase classname="backend.tests.test_capitalcare_api.TestAuth" name="test_logout" time="0.366" /><testcase classname="backend.tests.test_capitalcare_api.TestPersona" name="test_select_individual_persona" time="0.372" /><testcase classname="backend.tests.test_capitalcare_api.TestPersona" name="test_select_shop_owner_persona" time="0.373" /><testcase classname="backend.tests.test_capitalcare_api.TestPersona" name="test_select_ca_persona" time="0.368" /><testcase classname="backend.tests.test_capitalcare_api.TestPersona" name="test_invalid_persona" time="0.382" /><testcase classname="backend.tests.test_capitalcare_api.TestIndividual" name="test_individual_dashboard" time="0.447" /><testcase classname="backend.tests.test_capitalcare_api.TestIndividual" name="test_add_income_transaction" time="0.416" /><testcase classname="backend.tests.test_capitalcare_api.TestIndividual" name="test_add_expense_transaction" time="0.463" /><testcase classname="backend.tests.test_capitalcare_api.TestIndividual" name="test_get_transactions" time="0.415" /><testcase classname="backend.tests.test_capitalcare_api.TestIndividual" name="test_create_goal" time="0.439" /><testcase classname="backend.tests.test_capitalcare_api.TestIndividual" name="test_get_goals" time="0.459" /><testcase classname="backend.tests.test_capitalcare_api.TestShopOwner" name="test_shop_dashboard" time="0.407" /><testcase classname="backend.tests.test_capitalcare_api.TestShopOwner" name="test_add_credit_entry" time="0.430" /><testcase classname="backend.tests.test_capitalcare_api.TestShopOwner" name="test_add_debit_entry" time="0.411" /><testcase classname="backend.tests.test_capitalcare_api.TestShopOwner" name="test_get_ledger" time="0.455" /><testcase classname="backend.tests.test_capitalcare_api.TestCA" name="test_ca_dashboard" time="0.426" /><testcase classname="backend.tests.test_capitalcare_api.TestCA" name="test_add_client" time="0.418" /><testcase classname="backend.tests.test_capitalcare_api.TestCA" name="test_get_clients" time="0.423" /><testcase classname="backend.tests.test_capitalcare_api.TestCA" name="test_add_task" time="0.436" /><testcase classname="backend.tests.test_capitalcare_api.TestCA" name="test_get_tasks" time="0.416" /><testcase classname="backend.tests.test_capitalcare_api.TestAIChat" name="test_ai_chat_individual" time="3.277" /><testcase classname="backend.tests.test_capitalcare_api.TestAIChat" name="test_ai_chat_shop_owner" time="20.896" /><testcase classname="backend.tests.test_capitalcare_api.TestAIChat" name="test_ai_chat_ca" time="10.852" /><testcase classname="backend.tests.test_capitalcare_api.TestAIChat" name="test_ai_chat_empty_message" time="0.403" /><testcase classname="backend.tests.test_capitalcare_api.TestAIChat" name="test_ai_chat_history" time="0.392" /><testcase classname="backend.tests.test_capitalcare_api.TestForecast" name="test_forecast_individual" time="0.369" /><testcase classname="backend.tests.test_capitalcare_api.TestForecast" name="test_forecast_shop_owner" time="0.366" /><testcase classname="backend.tests.test_capitalcare_api.TestAlerts" name="test_alerts_individual" time="0.404" /><testcase classname="backend.tests.test_capitalcare_api.TestAlerts" name="test_alerts_shop_owner" time="0.412" /><testcase classname="backend.tests.test_capitalcare_api.TestAlerts" name="test_alerts_ca" time="0.375" /><testcase classname="backend.tests.test_capitalcare_api.TestExport" name="test_export_csv" time="0.375" /><testcase classname="backend.tests.test_capitalcare_api.TestExport" name="test_export_pdf" time="0.469" /><testcase classname="backend.tests.test_capitalcare_api.TestSMSParser" name="test_parse_debit_sms" time="0.098" /><testcase classname="backend.tests.test_capitalcare_api.TestSMSParser" name="test_parse_credit_sms" time="0.112" /><testcase classname="backend.tests.test_capitalcare_api.TestPricing" name="test_get_pricing" time="0.096" /></testsuite></testsuites>