<?xml version="1.0" encoding="utf-8"?><testsuites name="pytest tests"><testsuite name="pytest" errors="0" failures="0" skipped="0" tests="28" time="29.446" timestamp="2026-04-17T04:45:20.565953+00:00" hostname="agent-env-98d88dc8-fb4a-448f-9dc7-02b0e87ab2dd"><testcase classname="backend.tests.test_finance_api.TestHealthAndAuth" name="test_register_new_user" time="0.502" /><testcase classname="backend.tests.test_finance_api.TestHealthAndAuth" name="test_login_admin" time="0.368" /><testcase classname="backend.tests.test_finance_api.TestHealthAndAuth" name="test_login_invalid_credentials" time="0.135" /><testcase classname="backend.tests.test_finance_api.TestHealthAndAuth" name="test_get_me_authenticated" time="0.416" /><testcase classname="backend.tests.test_finance_api.TestHealthAndAuth" name="test_logout" time="0.376" /><testcase classname="backend.tests.test_finance_api.TestTransactions" name="test_create_income_transaction" time="0.369" /><testcase classname="backend.tests.test_finance_api.TestTransactions" name="test_create_expense_transaction" time="0.406" /><testcase classname="backend.tests.test_finance_api.TestTransactions" name="test_get_transactions" time="0.377" /><testcase classname="backend.tests.test_finance_api.TestTransactions" name="test_delete_transaction" time="0.434" /><testcase classname="backend.tests.test_finance_api.TestTransactions" name="test_invalid_transaction_type" time="0.369" /><testcase classname="backend.tests.test_finance_api.TestDashboard" name="test_get_dashboard_summary" time="0.413" /><testcase classname="backend.tests.test_finance_api.TestDashboard" name="test_dashboard_summary_sparklines" time="0.457" /><testcase classname="backend.tests.test_finance_api.TestDashboard" name="test_dashboard_summary_trends" time="0.391" /><testcase classname="backend.tests.test_finance_api.TestDashboard" name="test_dashboard_summary_monthly_series" time="0.385" /><testcase classname="backend.tests.test_finance_api.TestDashboard" name="test_dashboard_summary_cash_flow" time="0.371" /><testcase classname="backend.tests.test_finance_api.TestCategories" name="test_get_categories" time="0.378" /><testcase classname="backend.tests.test_finance_api.TestCategories" name="test_create_custom_category" time="0.380" /><testcase classname="backend.tests.test_finance_api.TestCategories" name="test_delete_custom_category" time="0.421" /><testcase classname="backend.tests.test_finance_api.TestBudgets" name="test_get_budgets" time="0.372" /><testcase classname="backend.tests.test_finance_api.TestBudgets" name="test_create_budget" time="0.376" /><testcase classname="backend.tests.test_finance_api.TestBudgets" name="test_delete_budget" time="0.416" /><testcase classname="backend.tests.test_finance_api.TestRecurringTransactions" name="test_get_recurring_transactions" time="0.370" /><testcase classname="backend.tests.test_finance_api.TestRecurringTransactions" name="test_create_recurring_transaction" time="0.408" /><testcase classname="backend.tests.test_finance_api.TestRecurringTransactions" name="test_delete_recurring_transaction" time="0.423" /><testcase classname="backend.tests.test_finance_api.TestExport" name="test_export_csv" time="0.371" /><testcase classname="backend.tests.test_finance_api.TestExport" name="test_export_pdf" time="0.380" /><testcase classname="backend.tests.test_finance_api.TestAIAnalysis" name="test_analyze_finances" time="18.876" /><testcase classname="backend.tests.test_finance_api.TestAIAnalysis" name="test_get_latest_analysis" time="0.392" /></testsuite></testsuites>