<?xml version="1.0" encoding="utf-8"?><testsuites name="pytest tests"><testsuite name="pytest" errors="0" failures="0" skipped="0" tests="58" time="9.250" timestamp="2026-04-20T11:38:01.200595+00:00" hostname="agent-env-98d88dc8-fb4a-448f-9dc7-02b0e87ab2dd"><testcase classname="backend.tests.test_plan_gating.TestLoginReturnsPlanFields" name="test_login_returns_plan_and_subscription_status" time="0.485" /><testcase classname="backend.tests.test_plan_gating.TestLoginReturnsPlanFields" name="test_me_returns_plan" time="0.409" /><testcase classname="backend.tests.test_plan_gating.TestRefreshPlan" name="test_refresh_plan_returns_plan_fields" time="0.074" /><testcase classname="backend.tests.test_plan_gating.TestRefreshPlan" name="test_refresh_plan_requires_auth" time="0.141" /><testcase classname="backend.tests.test_plan_gating.TestRefreshPlan" name="test_user_plan_endpoint_still_works" time="0.048" /><testcase classname="backend.tests.test_plan_gating.TestPhase1Phase2Regression" name="test_core_endpoints" time="0.929" /><testcase classname="backend.tests.test_phase234_features.TestInvestments" name="test_list_investments" time="0.376" /><testcase classname="backend.tests.test_phase234_features.TestInvestments" name="test_create_and_crud" time="0.449" /><testcase classname="backend.tests.test_phase234_features.TestRealEstate" name="test_list_empty_and_crud" time="0.190" /><testcase classname="backend.tests.test_phase234_features.TestNetWorth" name="test_net_worth" time="0.056" /><testcase classname="backend.tests.test_phase234_features.TestZeroBudget" name="test_empty_and_populate" time="0.151" /><testcase classname="backend.tests.test_phase234_features.TestLendBorrow" name="test_crud" time="0.332" /><testcase classname="backend.tests.test_phase234_features.TestDebtPayoff" name="test_simulate_both" time="0.046" /><testcase classname="backend.tests.test_phase234_features.TestDebtPayoff" name="test_simulate_single" time="0.093" /><testcase classname="backend.tests.test_phase234_features.TestJars" name="test_jar_lifecycle" time="0.290" /><testcase classname="backend.tests.test_phase234_features.TestSipRd" name="test_sip" time="0.188" /><testcase classname="backend.tests.test_phase234_features.TestFDs" name="test_fd" time="0.194" /><testcase classname="backend.tests.test_phase234_features.TestDeductions" name="test_deductions" time="0.189" /><testcase classname="backend.tests.test_phase234_features.TestTaxCalendar" name="test_calendar" time="0.048" /><testcase classname="backend.tests.test_phase234_features.TestITR" name="test_itr" time="0.049" /><testcase classname="backend.tests.test_phase234_features.TestForm26AS" name="test_upload_and_list" time="0.246" /><testcase classname="backend.tests.test_phase234_features.TestUnusualAlerts" name="test_unusual_alerts" time="0.047" /><testcase classname="backend.tests.test_phase234_features.TestPhase1Regression" name="test_budgets" time="0.049" /><testcase classname="backend.tests.test_phase234_features.TestPhase1Regression" name="test_loans" time="0.046" /><testcase classname="backend.tests.test_phase234_features.TestPhase1Regression" name="test_credit_cards" time="0.050" /><testcase classname="backend.tests.test_phase234_features.TestPhase1Regression" name="test_health_score" time="0.047" /><testcase classname="backend.tests.test_phase234_features.TestPhase1Regression" name="test_daily_limit" time="0.053" /><testcase classname="backend.tests.test_phase234_features.TestPhase1Regression" name="test_weekly_digest" time="0.045" /><testcase classname="backend.tests.test_phase234_features.TestPhase1Regression" name="test_subscriptions" time="0.045" /><testcase classname="backend.tests.test_phase234_features.TestPhase1Regression" name="test_autosave" time="0.055" /><testcase classname="backend.tests.test_phase1_features.TestAuth" name="test_login_success" time="0.672" /><testcase classname="backend.tests.test_phase1_features.TestAuth" name="test_me_endpoint" time="0.050" /><testcase classname="backend.tests.test_phase1_features.TestBudgets" name="test_get_budgets_empty_or_list" time="0.051" /><testcase classname="backend.tests.test_phase1_features.TestBudgets" name="test_create_budget_groceries" time="0.047" /><testcase classname="backend.tests.test_phase1_features.TestBudgets" name="test_budget_has_progress_fields" time="0.050" /><testcase classname="backend.tests.test_phase1_features.TestBudgets" name="test_delete_budget" time="0.142" /><testcase classname="backend.tests.test_phase1_features.TestLoans" name="test_get_loans" time="0.048" /><testcase classname="backend.tests.test_phase1_features.TestLoans" name="test_add_personal_loan" time="0.049" /><testcase classname="backend.tests.test_phase1_features.TestLoans" name="test_loan_has_calculated_fields" time="0.047" /><testcase classname="backend.tests.test_phase1_features.TestLoans" name="test_loan_amortization_table" time="0.093" /><testcase classname="backend.tests.test_phase1_features.TestLoans" name="test_prepayment_simulator" time="0.095" /><testcase classname="backend.tests.test_phase1_features.TestLoans" name="test_delete_loan" time="0.096" /><testcase classname="backend.tests.test_phase1_features.TestCreditCards" name="test_get_credit_cards" time="0.049" /><testcase classname="backend.tests.test_phase1_features.TestCreditCards" name="test_add_credit_card" time="0.053" /><testcase classname="backend.tests.test_phase1_features.TestCreditCards" name="test_card_utilization_calculated" time="0.054" /><testcase classname="backend.tests.test_phase1_features.TestCreditCards" name="test_delete_credit_card" time="0.096" /><testcase classname="backend.tests.test_phase1_features.TestHealthScore" name="test_health_score_endpoint" time="0.046" /><testcase classname="backend.tests.test_phase1_features.TestDailyLimit" name="test_get_daily_limit" time="0.048" /><testcase classname="backend.tests.test_phase1_features.TestDailyLimit" name="test_set_daily_limit" time="0.104" /><testcase classname="backend.tests.test_phase1_features.TestWeeklyDigest" name="test_weekly_digest_endpoint" time="0.052" /><testcase classname="backend.tests.test_phase1_features.TestSubscriptions" name="test_subscriptions_endpoint" time="0.048" /><testcase classname="backend.tests.test_phase1_features.TestStripePayments" name="test_checkout_invalid_plan" time="0.044" /><testcase classname="backend.tests.test_phase1_features.TestStripePayments" name="test_checkout_pro_monthly" time="0.944" /><testcase classname="backend.tests.test_phase1_features.TestStripePayments" name="test_checkout_elite_yearly" time="0.510" /><testcase classname="backend.tests.test_phase1_features.TestStripePayments" name="test_user_plan_endpoint" time="0.045" /><testcase classname="backend.tests.test_phase1_features.TestAutoSaveRules" name="test_get_autosave_rules" time="0.045" /><testcase classname="backend.tests.test_phase1_features.TestAutoSaveRules" name="test_create_autosave_rule" time="0.091" /><testcase classname="backend.tests.test_phase1_features.TestDashboardIntegration" name="test_dashboard_loads" time="0.055" /></testsuite></testsuites>